2023-03-14 11:57:37,704 log.py[line:35] INFO 接收到数据 7e 01 00 00 36 97 78 99 00 31 72 00 4f 59 5a 00 01 39 37 37 38 39 38 39 38 36 30 31 31 37 38 35 31 31 31 32 36 39 32 38 33 32 39 30 30 33 31 37 32 00 00 00 00 00 00 00 00 00 00 00 00 00 00 00 00 00 00 4b 7e 
2023-03-14 11:57:47,640 log.py[line:35] INFO 接收到数据 7e 01 00 00 36 97 78 99 00 31 72 00 52 59 5a 00 01 39 37 37 38 39 38 39 38 36 30 31 31 37 38 35 31 31 31 32 36 39 32 38 33 32 39 30 30 33 31 37 32 00 00 00 00 00 00 00 00 00 00 00 00 00 00 00 00 00 00 56 7e 
2023-03-14 11:58:15,891 log.py[line:35] INFO 接收到数据 7e 01 00 00 36 97 78 99 00 31 72 00 54 59 5a 00 01 39 37 37 38 39 38 39 38 36 30 31 31 37 38 35 31 31 31 32 36 39 32 38 33 32 39 30 30 33 31 37 32 00 00 00 00 00 00 00 00 00 00 00 00 00 00 00 00 00 00 50 7e 
2023-03-14 11:58:25,823 log.py[line:35] INFO 接收到数据 7e 01 00 00 36 97 78 99 00 31 72 00 59 59 5a 00 01 39 37 37 38 39 38 39 38 36 30 31 31 37 38 35 31 31 31 32 36 39 32 38 33 32 39 30 30 33 31 37 32 00 00 00 00 00 00 00 00 00 00 00 00 00 00 00 00 00 00 5d 7e 
2023-03-14 11:58:42,107 log.py[line:35] INFO 接收到数据 7e 01 00 00 36 97 78 99 00 31 72 00 5e 59 5a 00 01 39 37 37 38 39 38 39 38 36 30 31 31 37 38 35 31 31 31 32 36 39 32 38 33 32 39 30 30 33 31 37 32 00 00 00 00 00 00 00 00 00 00 00 00 00 00 00 00 00 00 5a 7e 
2023-03-14 11:58:52,242 log.py[line:35] INFO 接收到数据 7e 01 00 00 36 97 78 99 00 31 72 00 63 59 5a 00 01 39 37 37 38 39 38 39 38 36 30 31 31 37 38 35 31 31 31 32 36 39 32 38 33 32 39 30 30 33 31 37 32 00 00 00 00 00 00 00 00 00 00 00 00 00 00 00 00 00 00 67 7e 
2023-03-14 12:00:27,886 log.py[line:35] INFO 接收到数据 7e 01 00 00 36 97 78 99 00 31 72 00 02 59 5a 00 01 39 37 37 38 39 38 39 38 36 30 34 41 37 31 34 32 31 37 30 30 33 33 34 32 37 39 30 30 33 31 37 32 00 00 00 00 00 00 00 00 00 00 00 00 00 00 00 00 00 00 79 7e 
2023-03-14 12:00:47,650 log.py[line:35] INFO 接收到数据 7e 01 00 00 36 97 78 99 00 31 72 00 07 59 5a 00 01 39 37 37 38 39 38 39 38 36 30 34 41 37 31 34 32 31 37 30 30 33 33 34 32 37 39 30 30 33 31 37 32 00 00 00 00 00 00 00 00 00 00 00 00 00 00 00 00 00 00 7c 7e 
2023-03-14 12:01:03,754 log.py[line:35] INFO 接收到数据 7e 01 00 00 36 97 78 99 00 31 72 00 09 59 5a 00 01 39 37 37 38 39 38 39 38 36 30 34 41 37 31 34 32 31 37 30 30 33 33 34 32 37 39 30 30 33 31 37 32 00 00 00 00 00 00 00 00 00 00 00 00 00 00 00 00 00 00 72 7e 
2023-03-14 12:01:23,899 log.py[line:35] INFO 接收到数据 7e 01 00 00 36 97 78 99 00 31 72 00 0c 59 5a 00 01 39 37 37 38 39 38 39 38 36 30 34 41 37 31 34 32 31 37 30 30 33 33 34 32 37 39 30 30 33 31 37 32 00 00 00 00 00 00 00 00 00 00 00 00 00 00 00 00 00 00 77 7e 
2023-03-14 12:01:34,140 log.py[line:35] INFO 接收到数据 7e 01 00 00 36 97 78 99 00 31 72 00 11 59 5a 00 01 39 37 37 38 39 38 39 38 36 30 34 41 37 31 34 32 31 37 30 30 33 33 34 32 37 39 30 30 33 31 37 32 00 00 00 00 00 00 00 00 00 00 00 00 00 00 00 00 00 00 6a 7e 
2023-03-14 12:02:02,051 log.py[line:35] INFO 接收到数据 7e 01 00 00 36 97 78 99 00 31 72 00 13 59 5a 00 01 39 37 37 38 39 38 39 38 36 30 34 41 37 31 34 32 31 37 30 30 33 33 34 32 37 39 30 30 33 31 37 32 00 00 00 00 00 00 00 00 00 00 00 00 00 00 00 00 00 00 68 7e 
2023-03-14 12:02:12,024 log.py[line:35] INFO 接收到数据 7e 01 00 00 36 97 78 99 00 31 72 00 16 59 5a 00 01 39 37 37 38 39 38 39 38 36 30 34 41 37 31 34 32 31 37 30 30 33 33 34 32 37 39 30 30 33 31 37 32 00 00 00 00 00 00 00 00 00 00 00 00 00 00 00 00 00 00 6d 7e 
2023-03-14 14:10:30,484 log.py[line:35] INFO 接收到数据 7e 01 00 00 36 97 78 99 00 31 72 00 2c 59 5a 00 01 39 37 37 38 39 38 39 38 36 30 34 41 37 31 34 32 31 37 30 30 33 33 34 32 37 39 30 30 33 31 37 32 00 00 00 00 00 00 00 00 00 00 00 00 00 00 00 00 00 00 57 7e 
2023-03-14 14:11:00,582 log.py[line:35] INFO 接收到数据 7e 01 00 00 36 97 78 99 00 31 72 00 2f 59 5a 00 01 39 37 37 38 39 38 39 38 36 30 34 41 37 31 34 32 31 37 30 30 33 33 34 32 37 39 30 30 33 31 37 32 00 00 00 00 00 00 00 00 00 00 00 00 00 00 00 00 00 00 54 7e 
2023-03-14 14:11:10,540 log.py[line:35] INFO 接收到数据 7e 01 00 00 36 97 78 99 00 31 72 00 34 59 5a 00 01 39 37 37 38 39 38 39 38 36 30 34 41 37 31 34 32 31 37 30 30 33 33 34 32 37 39 30 30 33 31 37 32 00 00 00 00 00 00 00 00 00 00 00 00 00 00 00 00 00 00 4f 7e 
2023-03-14 14:11:38,881 log.py[line:35] INFO 接收到数据 7e 01 00 00 36 97 78 99 00 31 72 00 37 59 5a 00 01 39 37 37 38 39 38 39 38 36 30 34 41 37 31 34 32 31 37 30 30 33 33 34 32 37 39 30 30 33 31 37 32 00 00 00 00 00 00 00 00 00 00 00 00 00 00 00 00 00 00 4c 7e 
2023-03-14 14:11:48,814 log.py[line:35] INFO 接收到数据 7e 01 00 00 36 97 78 99 00 31 72 00 39 59 5a 00 01 39 37 37 38 39 38 39 38 36 30 34 41 37 31 34 32 31 37 30 30 33 33 34 32 37 39 30 30 33 31 37 32 00 00 00 00 00 00 00 00 00 00 00 00 00 00 00 00 00 00 42 7e 
2023-03-14 14:13:04,066 log.py[line:35] INFO 接收到数据 7e 01 00 00 36 97 78 99 00 31 72 00 3e 59 5a 00 01 39 37 37 38 39 38 39 38 36 30 34 41 37 31 34 32 31 37 30 30 33 33 34 32 37 39 30 30 33 31 37 32 00 00 00 00 00 00 00 00 00 00 00 00 00 00 00 00 00 00 45 7e 
2023-03-14 14:13:49,137 log.py[line:35] INFO 接收到数据 7e 01 00 00 36 97 78 99 00 31 72 00 45 59 5a 00 01 39 37 37 38 39 38 39 38 36 30 34 41 37 31 34 32 31 37 30 30 33 33 34 32 37 39 30 30 33 31 37 32 00 00 00 00 00 00 00 00 00 00 00 00 00 00 00 00 00 00 3e 7e 
2023-03-14 14:14:36,240 log.py[line:35] INFO 接收到数据 7e 01 00 00 36 97 78 99 00 31 72 00 4a 59 5a 00 01 39 37 37 38 39 38 39 38 36 30 34 41 37 31 34 32 31 37 30 30 33 33 34 32 37 39 30 30 33 31 37 32 00 00 00 00 00 00 00 00 00 00 00 00 00 00 00 00 00 00 31 7e 
2023-03-14 14:15:21,324 log.py[line:35] INFO 接收到数据 7e 01 00 00 36 97 78 99 00 31 72 00 50 59 5a 00 01 39 37 37 38 39 38 39 38 36 30 34 41 37 31 34 32 31 37 30 30 33 33 34 32 37 39 30 30 33 31 37 32 00 00 00 00 00 00 00 00 00 00 00 00 00 00 00 00 00 00 2b 7e 
2023-03-14 14:26:59,989 log.py[line:35] INFO 接收到数据 7e 01 00 00 36 97 78 99 00 31 72 00 52 59 5a 00 01 39 37 37 38 39 38 39 38 36 30 34 41 37 31 34 32 31 37 30 30 33 33 34 32 37 39 30 30 33 31 37 32 00 00 00 00 00 00 00 00 00 00 00 00 00 00 00 00 00 00 29 7e 
2023-03-14 14:27:16,056 log.py[line:35] INFO 接收到数据 7e 01 00 00 36 97 78 99 00 31 72 00 57 59 5a 00 01 39 37 37 38 39 38 39 38 36 30 34 41 37 31 34 32 31 37 30 30 33 33 34 32 37 39 30 30 33 31 37 32 00 00 00 00 00 00 00 00 00 00 00 00 00 00 00 00 00 00 2c 7e 
2023-03-14 14:27:36,434 log.py[line:35] INFO 接收到数据 7e 01 00 00 36 97 78 99 00 31 72 00 5a 59 5a 00 01 39 37 37 38 39 38 39 38 36 30 34 41 37 31 34 32 31 37 30 30 33 33 34 32 37 39 30 30 33 31 37 32 00 00 00 00 00 00 00 00 00 00 00 00 00 00 00 00 00 00 21 7e 
2023-03-14 14:27:52,176 log.py[line:35] INFO 接收到数据 7e 01 00 00 36 97 78 99 00 31 72 00 5c 59 5a 00 01 39 37 37 38 39 38 39 38 36 30 34 41 37 31 34 32 31 37 30 30 33 33 34 32 37 39 30 30 33 31 37 32 00 00 00 00 00 00 00 00 00 00 00 00 00 00 00 00 00 00 27 7e 
2023-03-14 14:28:12,273 log.py[line:35] INFO 接收到数据 7e 01 00 00 36 97 78 99 00 31 72 00 61 59 5a 00 01 39 37 37 38 39 38 39 38 36 30 34 41 37 31 34 32 31 37 30 30 33 33 34 32 37 39 30 30 33 31 37 32 00 00 00 00 00 00 00 00 00 00 00 00 00 00 00 00 00 00 1a 7e 
2023-03-14 14:28:28,453 log.py[line:35] INFO 接收到数据 7e 01 00 00 36 97 78 99 00 31 72 00 64 59 5a 00 01 39 37 37 38 39 38 39 38 36 30 34 41 37 31 34 32 31 37 30 30 33 33 34 32 37 39 30 30 33 31 37 32 00 00 00 00 00 00 00 00 00 00 00 00 00 00 00 00 00 00 1f 7e 
2023-03-14 14:29:30,406 log.py[line:35] INFO 接收到数据 7e 01 00 00 36 97 78 99 00 31 72 00 69 59 5a 00 01 39 37 37 38 39 38 39 38 36 30 34 41 37 31 34 32 31 37 30 30 33 33 34 32 37 39 30 30 33 31 37 32 00 00 00 00 00 00 00 00 00 00 00 00 00 00 00 00 00 00 12 7e 
2023-03-14 14:30:17,510 log.py[line:35] INFO 接收到数据 7e 01 00 00 36 97 78 99 00 31 72 00 6f 59 5a 00 01 39 37 37 38 39 38 39 38 36 30 34 41 37 31 34 32 31 37 30 30 33 33 34 32 37 39 30 30 33 31 37 32 00 00 00 00 00 00 00 00 00 00 00 00 00 00 00 00 00 00 14 7e 
2023-03-14 14:31:02,671 log.py[line:35] INFO 接收到数据 7e 01 00 00 36 97 78 99 00 31 72 00 72 59 5a 00 01 39 37 37 38 39 38 39 38 36 30 34 41 37 31 34 32 31 37 30 30 33 33 34 32 37 39 30 30 33 31 37 32 00 00 00 00 00 00 00 00 00 00 00 00 00 00 00 00 00 00 09 7e 
2023-03-14 14:31:47,728 log.py[line:35] INFO 接收到数据 7e 01 00 00 36 97 78 99 00 31 72 00 78 59 5a 00 01 39 37 37 38 39 38 39 38 36 30 34 41 37 31 34 32 31 37 30 30 33 33 34 32 37 39 30 30 33 31 37 32 00 00 00 00 00 00 00 00 00 00 00 00 00 00 00 00 00 00 03 7e 
2023-03-14 17:00:46,431 log.py[line:35] INFO 消息校验不通过[7e010000369778990031720078595a00013937373839383938363034413731343231373030333334323739303033313732000000000000000000000000000000000000047e]
2023-03-14 17:08:59,554 log.py[line:35] INFO 消息校验不通过[7e010000369778990031720078595a00013937373839383938363034413731343231373030333334323739303033313732000000000000000000000000000000000000047e]
2023-03-14 17:09:52,054 log.py[line:35] INFO 消息校验不通过[7e010000369778990031720078595a00013937373839383938363034413731343231373030333334323739303033313732000000000000000000000000000000000000047e]
2023-03-14 17:09:52,054 log.py[line:35] INFO 消息类型[7e01]
2023-03-14 17:10:16,103 log.py[line:35] INFO 消息校验不通过[7e010000369778990031720078595a00013937373839383938363034413731343231373030333334323739303033313732000000000000000000000000000000000000047e]
2023-03-14 17:10:16,103 log.py[line:35] INFO 消息类型[0100]
2023-03-14 17:12:19,676 log.py[line:35] INFO 消息校验不通过[7e010000369778990031720078595a00013937373839383938363034413731343231373030333334323739303033313732000000000000000000000000000000000000047e]
2023-03-14 17:12:19,676 log.py[line:35] INFO 消息类型[0100]
2023-03-14 17:12:19,676 log.py[line:35] INFO 消息体属性[0036]
2023-03-14 17:12:19,676 log.py[line:35] INFO 终端SN[977899003172]
2023-03-14 17:12:19,676 log.py[line:35] INFO 消息流水号[0078]
2023-03-14 17:21:44,029 log.py[line:35] INFO 开始处理消息[7e010000369778990031720078595a00013937373839383938363034413731343231373030333334323739303033313732000000000000000000000000000000000000047e]
2023-03-14 17:21:44,030 log.py[line:35] INFO 消息类型[0]
2023-03-14 17:21:44,030 log.py[line:35] INFO 消息体属性[]
2023-03-14 17:21:44,030 log.py[line:35] INFO 终端SN[]
2023-03-14 17:21:44,030 log.py[line:35] INFO 消息流水号[]
2023-03-14 17:21:44,030 log.py[line:35] INFO 消息校验不通过[7e010000369778990031720078595a00013937373839383938363034413731343231373030333334323739303033313732000000000000000000000000000000000000047e]
2023-03-14 17:21:44,030 log.py[line:35] INFO 消息类型[0100]
2023-03-14 17:21:44,030 log.py[line:35] INFO 消息体属性[0036]
2023-03-14 17:21:44,030 log.py[line:35] INFO 终端SN[977899003172]
2023-03-14 17:21:44,030 log.py[line:35] INFO 消息流水号[0078]
2023-03-14 17:22:10,508 log.py[line:35] INFO 开始处理消息[7e010000369778990031720078595a00013937373839383938363034413731343231373030333334323739303033313732000000000000000000000000000000000000047e]
2023-03-14 17:22:10,508 log.py[line:35] INFO 消息类型[0100]
2023-03-14 17:22:10,508 log.py[line:35] INFO 消息体属性[0036]
2023-03-14 17:22:10,508 log.py[line:35] INFO 终端SN[977899003172]
2023-03-14 17:22:10,508 log.py[line:35] INFO 消息流水号[0078]
2023-03-14 17:22:10,508 log.py[line:35] INFO 消息校验不通过[7e010000369778990031720078595a00013937373839383938363034413731343231373030333334323739303033313732000000000000000000000000000000000000047e]
2023-03-14 17:22:10,508 log.py[line:35] INFO 消息类型[0100]
2023-03-14 17:22:10,508 log.py[line:35] INFO 消息体属性[0036]
2023-03-14 17:22:10,508 log.py[line:35] INFO 终端SN[977899003172]
2023-03-14 17:22:10,508 log.py[line:35] INFO 消息流水号[0078]
2023-03-14 17:39:17,154 log.py[line:35] INFO 开始处理消息[7e010000369778990031720078595a00013937373839383938363034413731343231373030333334323739303033313732000000000000000000000000000000000000047e]
2023-03-14 17:39:17,154 log.py[line:35] INFO 消息类型[0100]
2023-03-14 17:39:17,154 log.py[line:35] INFO 消息体属性[0036]
2023-03-14 17:39:17,155 log.py[line:35] INFO 终端SN[977899003172]
2023-03-14 17:39:17,155 log.py[line:35] INFO 消息流水号[0078]
2023-03-14 17:39:17,155 log.py[line:35] INFO 消息校验不通过[7e010000369778990031720078595a00013937373839383938363034413731343231373030333334323739303033313732000000000000000000000000000000000000047e]
2023-03-14 17:39:17,155 log.py[line:35] INFO 设备制造商[595a]
2023-03-14 17:39:17,156 log.py[line:35] INFO 鉴权等级[00013937]
2023-03-14 17:39:57,242 log.py[line:35] INFO 开始处理消息[7e010000369778990031720078595a00013937373839383938363034413731343231373030333334323739303033313732000000000000000000000000000000000000047e]
2023-03-14 17:39:57,242 log.py[line:35] INFO 消息类型[0100]
2023-03-14 17:39:57,242 log.py[line:35] INFO 消息体属性[0036]
2023-03-14 17:39:57,242 log.py[line:35] INFO 终端SN[977899003172]
2023-03-14 17:39:57,242 log.py[line:35] INFO 消息流水号[0078]
2023-03-14 17:39:57,243 log.py[line:35] INFO 消息校验不通过[7e010000369778990031720078595a00013937373839383938363034413731343231373030333334323739303033313732000000000000000000000000000000000000047e]
2023-03-14 17:39:57,243 log.py[line:35] INFO 设备制造商[595a]
2023-03-14 17:39:57,243 log.py[line:35] INFO 鉴权等级[0001]
2023-03-14 17:40:24,251 log.py[line:35] INFO 开始处理消息[7e010000369778990031720078595a00013937373839383938363034413731343231373030333334323739303033313732000000000000000000000000000000000000047e]
2023-03-14 17:40:24,251 log.py[line:35] INFO 消息类型[0100]
2023-03-14 17:40:24,251 log.py[line:35] INFO 消息体属性[0036]
2023-03-14 17:40:24,251 log.py[line:35] INFO 终端SN[977899003172]
2023-03-14 17:40:24,251 log.py[line:35] INFO 消息流水号[0078]
2023-03-14 17:40:24,251 log.py[line:35] INFO 消息校验不通过[7e010000369778990031720078595a00013937373839383938363034413731343231373030333334323739303033313732000000000000000000000000000000000000047e]
2023-03-14 17:40:24,251 log.py[line:35] INFO 设备制造商[595a]
2023-03-14 17:40:24,251 log.py[line:35] INFO 鉴权等级[0001]
2023-03-14 17:40:24,251 log.py[line:35] INFO 鉴权等级[3937373839]
2023-03-14 17:45:17,787 log.py[line:35] INFO 开始处理消息[7e010000369778990031720078595a00013937373839383938363034413731343231373030333334323739303033313732000000000000000000000000000000000000047e]
2023-03-14 17:45:17,787 log.py[line:35] INFO 消息类型[0100]
2023-03-14 17:45:17,787 log.py[line:35] INFO 消息体属性[0036]
2023-03-14 17:45:17,787 log.py[line:35] INFO 终端SN[977899003172]
2023-03-14 17:45:17,787 log.py[line:35] INFO 消息流水号[0078]
2023-03-14 17:45:17,787 log.py[line:35] INFO 消息校验不通过[7e010000369778990031720078595a00013937373839383938363034413731343231373030333334323739303033313732000000000000000000000000000000000000047e]
2023-03-14 17:45:17,788 log.py[line:35] INFO 设备制造商[595a]
2023-03-14 17:45:17,788 log.py[line:35] INFO 鉴权等级[0001]
2023-03-14 17:45:17,788 log.py[line:35] INFO 设备类型[3937373839]
2023-03-14 17:45:17,788 log.py[line:35] INFO ICCID[3839383630344137313432313730303333343237]
2023-03-14 17:45:17,788 log.py[line:35] INFO 设备序列号[39303033313732]
2023-03-14 17:45:17,788 log.py[line:35] INFO 车牌颜色[00]
2023-03-14 17:45:17,788 log.py[line:35] INFO 车辆标识[000000000000000000000000000000000004]
2023-03-14 17:45:27,318 log.py[line:35] INFO 开始处理消息[7e010000369778990031720078595a00013937373839383938363034413731343231373030333334323739303033313732000000000000000000000000000000000000047e]
2023-03-14 17:45:27,319 log.py[line:35] INFO 消息类型[0100]
2023-03-14 17:45:27,319 log.py[line:35] INFO 消息体属性[0036]
2023-03-14 17:45:27,320 log.py[line:35] INFO 终端SN[977899003172]
2023-03-14 17:45:27,320 log.py[line:35] INFO 消息流水号[0078]
2023-03-14 17:45:27,321 log.py[line:35] INFO 消息校验不通过[7e010000369778990031720078595a00013937373839383938363034413731343231373030333334323739303033313732000000000000000000000000000000000000047e]
2023-03-14 17:45:27,321 log.py[line:35] INFO 设备制造商[595a]
2023-03-14 17:45:27,321 log.py[line:35] INFO 鉴权等级[0001]
2023-03-14 17:45:27,321 log.py[line:35] INFO 设备类型[3937373839]
2023-03-14 17:45:27,321 log.py[line:35] INFO ICCID[3839383630344137313432313730303333343237]
2023-03-14 17:45:27,321 log.py[line:35] INFO 设备序列号[39303033313732]
2023-03-14 17:45:27,321 log.py[line:35] INFO 车牌颜色[00]
2023-03-14 17:45:27,321 log.py[line:35] INFO 车辆标识[0000000000000000000000000000000000]
2023-03-14 17:48:32,372 log.py[line:35] INFO 开始处理消息[7e010000369778990031720078595a00013937373839383938363034413731343231373030333334323739303033313732000000000000000000000000000000000000047e]
2023-03-14 17:48:32,373 log.py[line:35] INFO 消息类型[0100]
2023-03-14 17:48:32,373 log.py[line:35] INFO 消息体属性[0036]
2023-03-14 17:48:32,373 log.py[line:35] INFO 终端SN[977899003172]
2023-03-14 17:48:32,373 log.py[line:35] INFO 消息流水号[0078]
2023-03-14 17:48:32,373 log.py[line:35] INFO 消息校验不通过[7e010000369778990031720078595a00013937373839383938363034413731343231373030333334323739303033313732000000000000000000000000000000000000047e],本地校验码为[03]
2023-03-14 17:48:32,373 log.py[line:35] INFO 设备制造商[595a]
2023-03-14 17:48:32,373 log.py[line:35] INFO 鉴权等级[0001]
2023-03-14 17:51:07,768 log.py[line:35] INFO 开始处理消息[7e010000369778990031720078595a00013937373839383938363034413731343231373030333334323739303033313732000000000000000000000000000000000000047e]
2023-03-14 17:51:07,768 log.py[line:35] INFO 消息类型[0100]
2023-03-14 17:51:07,768 log.py[line:35] INFO 消息体属性[0036]
2023-03-14 17:51:07,768 log.py[line:35] INFO 终端SN[977899003172]
2023-03-14 17:51:07,768 log.py[line:35] INFO 消息流水号[0078]
2023-03-14 17:51:07,768 log.py[line:35] INFO 消息校验不通过[7e010000369778990031720078595a00013937373839383938363034413731343231373030333334323739303033313732000000000000000000000000000000000000047e],本地校验码为[03]
2023-03-14 17:51:07,768 log.py[line:35] INFO 设备制造商[595a]
2023-03-14 17:51:07,768 log.py[line:35] INFO 鉴权等级[0001]
2023-03-14 17:51:07,768 log.py[line:35] INFO 设备类型[97789]
2023-03-14 17:51:07,769 log.py[line:35] INFO ICCID[3839383630344137313432313730303333343237]
2023-03-14 17:51:07,769 log.py[line:35] INFO 设备序列号[39303033313732]
2023-03-14 17:51:07,769 log.py[line:35] INFO 车牌颜色[00]
2023-03-14 17:51:07,769 log.py[line:35] INFO 车辆标识[0000000000000000000000000000000000]
2023-03-14 17:56:38,487 log.py[line:35] INFO 开始处理消息[7e010000369778990031720078595a00013937373839383938363034413731343231373030333334323739303033313732000000000000000000000000000000000000047e]
2023-03-14 17:56:38,487 log.py[line:35] INFO 消息类型[0100]
2023-03-14 17:56:38,487 log.py[line:35] INFO 消息体属性[0036]
2023-03-14 17:56:38,487 log.py[line:35] INFO 终端SN[977899003172]
2023-03-14 17:56:38,487 log.py[line:35] INFO 消息流水号[0078]
2023-03-14 17:56:38,488 log.py[line:35] INFO 消息校验不通过[7e010000369778990031720078595a00013937373839383938363034413731343231373030333334323739303033313732000000000000000000000000000000000000047e],本地校验码为[03]
2023-03-14 17:56:38,488 log.py[line:35] INFO 设备制造商[595a]
2023-03-14 17:56:38,488 log.py[line:35] INFO 鉴权等级[0001]
2023-03-14 17:56:38,488 log.py[line:35] INFO 设备类型[97789]
2023-03-14 17:56:38,488 log.py[line:35] INFO ICCID[3839383630344137313432313730303333343237]
2023-03-14 17:56:38,488 log.py[line:35] INFO 设备序列号[39303033313732]
2023-03-14 17:56:38,500 log.py[line:35] INFO 车牌颜色[00]
2023-03-14 17:56:38,500 log.py[line:35] INFO 车辆标识[0000000000000000000000000000000000]
2023-03-14 17:56:59,623 log.py[line:35] INFO 开始处理消息[7e010000369778990031720078595a00013937373839383938363034413731343231373030333334323739303033313732000000000000000000000000000000000000047e]
2023-03-14 17:56:59,623 log.py[line:35] INFO 消息类型[0100]
2023-03-14 17:56:59,623 log.py[line:35] INFO 消息体属性[0036]
2023-03-14 17:56:59,623 log.py[line:35] INFO 终端SN[977899003172]
2023-03-14 17:56:59,623 log.py[line:35] INFO 消息流水号[0078]
2023-03-14 17:56:59,623 log.py[line:35] INFO 消息校验不通过[7e010000369778990031720078595a00013937373839383938363034413731343231373030333334323739303033313732000000000000000000000000000000000000047e],本地校验码为[03]
2023-03-14 17:56:59,623 log.py[line:35] INFO 设备制造商[595a]
2023-03-14 17:56:59,623 log.py[line:35] INFO 鉴权等级[0001]
2023-03-14 17:56:59,623 log.py[line:35] INFO 设备类型[3937373839]
2023-03-14 17:56:59,623 log.py[line:35] INFO ICCID[3839383630344137313432313730303333343237]
2023-03-14 17:56:59,623 log.py[line:35] INFO 设备序列号[39303033313732]
2023-03-14 17:56:59,624 log.py[line:35] INFO 车牌颜色[00]
2023-03-14 17:56:59,625 log.py[line:35] INFO 车辆标识[0000000000000000000000000000000000]
2023-03-14 17:58:34,990 log.py[line:35] INFO 开始处理消息[7e010000369778990031720078595a00013937373839383938363034413731343231373030333334323739303033313732000000000000000000000000000000000000047e]
2023-03-14 17:58:34,990 log.py[line:35] INFO 消息类型[0100]
2023-03-14 17:58:34,990 log.py[line:35] INFO 消息体属性[0036]
2023-03-14 17:58:34,990 log.py[line:35] INFO 终端SN[977899003172]
2023-03-14 17:58:34,990 log.py[line:35] INFO 消息流水号[0078]
2023-03-14 17:58:34,990 log.py[line:35] INFO 消息校验不通过[7e010000369778990031720078595a00013937373839383938363034413731343231373030333334323739303033313732000000000000000000000000000000000000047e],本地校验码为[03]
2023-03-14 17:58:34,990 log.py[line:35] INFO 设备制造商[595a]
2023-03-14 17:58:34,990 log.py[line:35] INFO 鉴权等级[0001]
2023-03-14 17:59:34,575 log.py[line:35] INFO 开始处理消息[7e010000369778990031720078595a00013937373839383938363034413731343231373030333334323739303033313732000000000000000000000000000000000000047e]
2023-03-14 17:59:34,575 log.py[line:35] INFO 消息类型[0100]
2023-03-14 17:59:34,575 log.py[line:35] INFO 消息体属性[0036]
2023-03-14 17:59:34,575 log.py[line:35] INFO 终端SN[977899003172]
2023-03-14 17:59:34,575 log.py[line:35] INFO 消息流水号[0078]
2023-03-14 17:59:34,576 log.py[line:35] INFO 消息校验不通过[7e010000369778990031720078595a00013937373839383938363034413731343231373030333334323739303033313732000000000000000000000000000000000000047e],本地校验码为[03]
2023-03-14 17:59:34,576 log.py[line:35] INFO 设备制造商[595a]
2023-03-14 17:59:34,577 log.py[line:35] INFO 鉴权等级[0001]
2023-03-14 18:00:34,743 log.py[line:35] INFO 开始处理消息[7e010000369778990031720078595a00013937373839383938363034413731343231373030333334323739303033313732000000000000000000000000000000000000047e]
2023-03-14 18:00:34,743 log.py[line:35] INFO 消息类型[0100]
2023-03-14 18:00:34,743 log.py[line:35] INFO 消息体属性[0036]
2023-03-14 18:00:34,743 log.py[line:35] INFO 终端SN[977899003172]
2023-03-14 18:00:34,743 log.py[line:35] INFO 消息流水号[0078]
2023-03-14 18:00:34,744 log.py[line:35] INFO 消息校验不通过[7e010000369778990031720078595a00013937373839383938363034413731343231373030333334323739303033313732000000000000000000000000000000000000047e],本地校验码为[03]
2023-03-14 18:00:34,744 log.py[line:35] INFO 设备制造商[595a]
2023-03-14 18:00:34,744 log.py[line:35] INFO 鉴权等级[0001]
2023-03-14 18:00:47,613 log.py[line:35] INFO 开始处理消息[7e010000369778990031720078595a00013937373839383938363034413731343231373030333334323739303033313732000000000000000000000000000000000000047e]
2023-03-14 18:00:47,613 log.py[line:35] INFO 消息类型[0100]
2023-03-14 18:00:47,613 log.py[line:35] INFO 消息体属性[0036]
2023-03-14 18:00:47,613 log.py[line:35] INFO 终端SN[977899003172]
2023-03-14 18:00:47,613 log.py[line:35] INFO 消息流水号[0078]
2023-03-14 18:00:47,614 log.py[line:35] INFO 消息校验不通过[7e010000369778990031720078595a00013937373839383938363034413731343231373030333334323739303033313732000000000000000000000000000000000000047e],本地校验码为[03]
2023-03-14 18:00:47,614 log.py[line:35] INFO 设备制造商[595a]
2023-03-14 18:00:47,614 log.py[line:35] INFO 鉴权等级[0001]
2023-03-14 18:00:47,614 log.py[line:35] INFO 设备类型[97789]
2023-03-14 18:00:47,614 log.py[line:35] INFO ICCID[3839383630344137313432313730303333343237]
2023-03-14 18:00:47,614 log.py[line:35] INFO 设备序列号[39303033313732]
2023-03-14 18:00:47,615 log.py[line:35] INFO 车牌颜色[00]
2023-03-14 18:00:47,615 log.py[line:35] INFO 车辆标识[0000000000000000000000000000000000]
2023-03-14 18:01:11,495 log.py[line:35] INFO 开始处理消息[7e010000369778990031720078595a00013937373839383938363034413731343231373030333334323739303033313732000000000000000000000000000000000000047e]
2023-03-14 18:01:11,495 log.py[line:35] INFO 消息类型[0100]
2023-03-14 18:01:11,495 log.py[line:35] INFO 消息体属性[0036]
2023-03-14 18:01:11,495 log.py[line:35] INFO 终端SN[977899003172]
2023-03-14 18:01:11,495 log.py[line:35] INFO 消息流水号[0078]
2023-03-14 18:01:11,496 log.py[line:35] INFO 消息校验不通过[7e010000369778990031720078595a00013937373839383938363034413731343231373030333334323739303033313732000000000000000000000000000000000000047e],本地校验码为[03]
2023-03-14 18:01:11,496 log.py[line:35] INFO 设备制造商[595a]
2023-03-14 18:01:11,496 log.py[line:35] INFO 鉴权等级[0001]
2023-03-14 18:01:11,496 log.py[line:35] INFO 设备类型[97789]
2023-03-14 18:01:11,496 log.py[line:35] INFO ICCID[3839383630344137313432313730303333343237]
2023-03-14 18:01:11,496 log.py[line:35] INFO 设备序列号[39303033313732]
2023-03-14 18:01:11,496 log.py[line:35] INFO 车牌颜色[00]
2023-03-14 18:01:11,496 log.py[line:35] INFO 车辆标识[0000000000000000000000000000000000]
2023-03-14 18:01:45,173 log.py[line:35] INFO 开始处理消息[7e010000369778990031720078595a00013937373839383938363034413731343231373030333334323739303033313732000000000000000000000000000000000000047e]
2023-03-14 18:01:45,173 log.py[line:35] INFO 消息类型[0100]
2023-03-14 18:01:45,173 log.py[line:35] INFO 消息体属性[0036]
2023-03-14 18:01:45,173 log.py[line:35] INFO 终端SN[977899003172]
2023-03-14 18:01:45,173 log.py[line:35] INFO 消息流水号[0078]
2023-03-14 18:01:45,173 log.py[line:35] INFO 消息校验不通过[7e010000369778990031720078595a00013937373839383938363034413731343231373030333334323739303033313732000000000000000000000000000000000000047e],本地校验码为[03]
2023-03-14 18:01:45,173 log.py[line:35] INFO 设备制造商[595a]
2023-03-14 18:01:45,173 log.py[line:35] INFO 鉴权等级[0001]
2023-03-14 18:01:45,173 log.py[line:35] INFO 设备类型[97789]
2023-03-14 18:01:45,173 log.py[line:35] INFO ICCID[898604A7142170033427]
2023-03-14 18:01:45,173 log.py[line:35] INFO 设备序列号[9003172]
2023-03-14 18:01:45,173 log.py[line:35] INFO 车牌颜色[00]
2023-03-14 18:01:45,173 log.py[line:35] INFO 车辆标识[0000000000000000000000000000000000]
2023-03-14 18:03:58,358 log.py[line:35] INFO 开始处理消息[7e010000369778990031720078595a00013937373839383938363034413731343231373030333334323739303033313732000000000000000000000000000000000000047e]
2023-03-14 18:03:58,358 log.py[line:35] INFO 消息类型[0100]
2023-03-14 18:03:58,358 log.py[line:35] INFO 消息体属性[0036]
2023-03-14 18:03:58,358 log.py[line:35] INFO 终端SN[977899003172]
2023-03-14 18:03:58,359 log.py[line:35] INFO 消息流水号[0078]
2023-03-14 18:03:58,359 log.py[line:35] INFO 消息校验不通过,校验码[04],本地校验码为[03]
2023-03-14 18:03:58,359 log.py[line:35] INFO 设备制造商[595a]
2023-03-14 18:03:58,359 log.py[line:35] INFO 鉴权等级[0001]
2023-03-14 18:03:58,359 log.py[line:35] INFO 设备类型[97789]
2023-03-14 18:03:58,359 log.py[line:35] INFO ICCID[898604A7142170033427]
2023-03-14 18:03:58,359 log.py[line:35] INFO 设备序列号[9003172]
2023-03-14 18:03:58,359 log.py[line:35] INFO 车牌颜色[00]
2023-03-14 18:03:58,359 log.py[line:35] INFO 车辆标识[0000000000000000000000000000000000]
2023-03-15 11:38:28,334 log.py[line:35] INFO 开始处理消息[7e010000369778990031720078595a00013937373839383938363034413731343231373030333334323739303033313732000000000000000000000000000000000000047e]
2023-03-15 11:38:28,334 log.py[line:35] INFO 消息类型[0100]
2023-03-15 11:38:28,334 log.py[line:35] INFO 消息体属性[0036]
2023-03-15 11:38:28,334 log.py[line:35] INFO 终端SN[977899003172]
2023-03-15 11:38:28,334 log.py[line:35] INFO 消息流水号[0078]
2023-03-15 11:38:28,334 log.py[line:39] ERROR 消息校验不通过,校验码[04],本地校验码为[03]
2023-03-15 11:38:28,334 log.py[line:35] INFO 设备制造商[595a]
2023-03-15 11:38:28,334 log.py[line:35] INFO 鉴权等级[0001]
2023-03-15 11:38:28,334 log.py[line:35] INFO 设备类型[97789]
2023-03-15 11:38:28,334 log.py[line:35] INFO ICCID[898604A7142170033427]
2023-03-15 11:38:28,335 log.py[line:35] INFO 设备序列号[9003172]
2023-03-15 11:38:28,335 log.py[line:35] INFO 车牌颜色[00]
2023-03-15 11:38:28,335 log.py[line:35] INFO 车辆标识[0000000000000000000000000000000000]
2023-03-15 14:44:05,605 log.py[line:35] INFO 开始处理消息[7e010000369778990031720078595a00013937373839383938363034413731343231373030333334323739303033313732000000000000000000000000000000000000037e]
2023-03-15 14:44:05,605 log.py[line:35] INFO 消息类型[0100]
2023-03-15 14:44:05,605 log.py[line:35] INFO 消息体属性[0036]
2023-03-15 14:44:05,606 log.py[line:35] INFO 终端SN[977899003172]
2023-03-15 14:44:05,606 log.py[line:35] INFO 消息流水号[0078]
2023-03-15 14:44:52,910 log.py[line:35] INFO 开始处理消息[7e010000369778990031720078595a00013937373839383938363034413731343231373030333334323739303033313732000000000000000000000000000000000000037e]
2023-03-15 14:44:52,910 log.py[line:35] INFO 消息类型[0100]
2023-03-15 14:44:52,910 log.py[line:35] INFO 消息体属性[0036]
2023-03-15 14:44:52,910 log.py[line:35] INFO 终端SN[977899003172]
2023-03-15 14:44:52,910 log.py[line:35] INFO 消息流水号[0078]
2023-03-15 14:44:52,911 log.py[line:35] INFO 设备制造商[595a]
2023-03-15 14:44:52,911 log.py[line:35] INFO 鉴权等级[0001]
2023-03-15 14:44:52,911 log.py[line:35] INFO 设备类型[97789]
2023-03-15 14:44:52,911 log.py[line:35] INFO ICCID[898604A7142170033427]
2023-03-15 14:44:52,911 log.py[line:35] INFO 设备序列号[9003172]
2023-03-15 14:44:52,911 log.py[line:35] INFO 车牌颜色[00]
2023-03-15 14:44:52,911 log.py[line:35] INFO 车辆标识[0000000000000000000000000000000000]
2023-03-15 14:45:10,170 log.py[line:35] INFO 开始处理消息[7e010000369778990031720078595a00013937373839383938363034413731343231373030333334323739303033313732000000000000000000000000000000000000047e]
2023-03-15 14:45:10,171 log.py[line:35] INFO 消息类型[0100]
2023-03-15 14:45:10,171 log.py[line:35] INFO 消息体属性[0036]
2023-03-15 14:45:10,171 log.py[line:35] INFO 终端SN[977899003172]
2023-03-15 14:45:10,171 log.py[line:35] INFO 消息流水号[0078]
2023-03-15 14:45:10,171 log.py[line:35] INFO 设备制造商[595a]
2023-03-15 14:45:10,171 log.py[line:35] INFO 鉴权等级[0001]
2023-03-15 14:45:10,171 log.py[line:35] INFO 设备类型[97789]
2023-03-15 14:45:10,171 log.py[line:35] INFO ICCID[898604A7142170033427]
2023-03-15 14:45:10,171 log.py[line:35] INFO 设备序列号[9003172]
2023-03-15 14:45:10,171 log.py[line:35] INFO 车牌颜色[00]
2023-03-15 14:45:10,171 log.py[line:35] INFO 车辆标识[0000000000000000000000000000000000]
2023-03-15 14:45:10,171 log.py[line:39] ERROR 消息校验不通过,校验码[04],本地校验码为[03]
